2023-08-03 09:00:54,540 INFO  [org.jboss.modules] (main) JBoss Modules version 1.11.0.Final-redhat-00001
2023-08-03 09:00:54,793 INFO  [org.jboss.msc] (main) JBoss MSC version 1.4.12.Final-redhat-00001
2023-08-03 09:00:54,801 INFO  [org.jboss.threads] (main) JBoss Threads version 2.4.0.Final-redhat-00001
2023-08-03 09:00:54,892 INFO  [org.jboss.as] (MSC service thread 1-2) WFLYSRV0049: JBoss EAP 7.4.0.GA (WildFly Core 15.0.2.Final-redhat-00001) starting
2023-08-03 09:00:54,894 DEBUG [org.jboss.as.config] (MSC service thread 1-2) Configured system properties:
	[Standalone] = 
	awt.toolkit = sun.awt.X11.XToolkit
	file.encoding = UTF-8
	file.encoding.pkg = sun.io
	file.separator = /
	java.awt.graphicsenv = sun.awt.X11GraphicsEnvironment
	java.awt.headless = true
	java.awt.printerjob = sun.print.PSPrinterJob
	java.class.path = /home/parom/EAP-7.4.0/server/jboss-modules.jar
	java.class.version = 52.0
	java.endorsed.dirs = /usr/lib/jvm/java-8-openjdk-amd64/jre/lib/endorsed
	java.ext.dirs = /usr/lib/jvm/java-8-openjdk-amd64/jre/lib/ext:/usr/java/packages/lib/ext
	java.home = /usr/lib/jvm/java-8-openjdk-amd64/jre
	java.io.tmpdir = /tmp
	java.library.path = /usr/java/packages/lib/amd64:/usr/lib/x86_64-linux-gnu/jni:/lib/x86_64-linux-gnu:/usr/lib/x86_64-linux-gnu:/usr/lib/jni:/lib:/usr/lib
	java.net.preferIPv4Stack = true
	java.runtime.name = OpenJDK Runtime Environment
	java.runtime.version = 1.8.0_382-8u382-ga-1~20.04.1-b05
	java.specification.maintenance.version = 5
	java.specification.name = Java Platform API Specification
	java.specification.vendor = Oracle Corporation
	java.specification.version = 1.8
	java.util.logging.manager = org.jboss.logmanager.LogManager
	java.vendor = Private Build
	java.vendor.url = http://java.oracle.com/
	java.vendor.url.bug = http://bugreport.sun.com/bugreport/
	java.version = 1.8.0_382
	java.vm.info = mixed mode
	java.vm.name = OpenJDK 64-Bit Server VM
	java.vm.specification.name = Java Virtual Machine Specification
	java.vm.specification.vendor = Oracle Corporation
	java.vm.specification.version = 1.8
	java.vm.vendor = Private Build
	java.vm.version = 25.382-b05
	javax.management.builder.initial = org.jboss.as.jmx.PluggableMBeanServerBuilder
	jboss.home.dir = /home/parom/EAP-7.4.0/server
	jboss.host.name = parominskiy
	jboss.modules.dir = /home/parom/EAP-7.4.0/server/modules
	jboss.modules.system.pkgs = org.jboss.byteman
	jboss.node.name = parominskiy
	jboss.qualified.host.name = parominskiy
	jboss.server.base.dir = /home/parom/EAP-7.4.0/server/standalone
	jboss.server.config.dir = /home/parom/EAP-7.4.0/server/standalone/configuration
	jboss.server.data.dir = /home/parom/EAP-7.4.0/server/standalone/data
	jboss.server.deploy.dir = /home/parom/EAP-7.4.0/server/standalone/data/content
	jboss.server.log.dir = /home/parom/EAP-7.4.0/server/standalone/log
	jboss.server.name = parominskiy
	jboss.server.persist.config = true
	jboss.server.temp.dir = /home/parom/EAP-7.4.0/server/standalone/tmp
	line.separator = 

	logging.configuration = file:/home/parom/EAP-7.4.0/server/standalone/configuration/logging.properties
	module.path = /home/parom/EAP-7.4.0/server/modules
	org.jboss.boot.log.file = /home/parom/EAP-7.4.0/server/standalone/log/server.log
	org.jboss.resolver.warning = true
	os.arch = amd64
	os.name = Linux
	os.version = 5.4.0-155-generic
	path.separator = :
	sun.arch.data.model = 64
	sun.boot.class.path = /usr/lib/jvm/java-8-openjdk-amd64/jre/lib/resources.jar:/usr/lib/jvm/java-8-openjdk-amd64/jre/lib/rt.jar:/usr/lib/jvm/java-8-openjdk-amd64/jre/lib/sunrsasign.jar:/usr/lib/jvm/java-8-openjdk-amd64/jre/lib/jsse.jar:/usr/lib/jvm/java-8-openjdk-amd64/jre/lib/jce.jar:/usr/lib/jvm/java-8-openjdk-amd64/jre/lib/charsets.jar:/usr/lib/jvm/java-8-openjdk-amd64/jre/lib/jfr.jar:/usr/lib/jvm/java-8-openjdk-amd64/jre/classes
	sun.boot.library.path = /usr/lib/jvm/java-8-openjdk-amd64/jre/lib/amd64
	sun.cpu.endian = little
	sun.cpu.isalist = 
	sun.desktop = gnome
	sun.io.unicode.encoding = UnicodeLittle
	sun.java.command = /home/parom/EAP-7.4.0/server/jboss-modules.jar -mp /home/parom/EAP-7.4.0/server/modules org.jboss.as.standalone -Djboss.home.dir=/home/parom/EAP-7.4.0/server -Djboss.server.base.dir=/home/parom/EAP-7.4.0/server/standalone -c standalone-full.xml
	sun.java.launcher = SUN_STANDARD
	sun.jnu.encoding = UTF-8
	sun.management.compiler = HotSpot 64-Bit Tiered Compilers
	sun.os.patch.level = unknown
	user.country = RU
	user.dir = /home/parom/EAP-7.4.0/server/bin
	user.home = /home/parom
	user.language = ru
	user.name = parom
	user.timezone = Europe/Minsk
2023-08-03 09:00:54,894 DEBUG [org.jboss.as.config] (MSC service thread 1-2) VM Arguments: -D[Standalone] -verbose:gc -Xloggc:/home/parom/EAP-7.4.0/server/standalone/log/gc.log -XX:+PrintGCDetails -XX:+PrintGCDateStamps -XX:+UseGCLogFileRotation -XX:NumberOfGCLogFiles=5 -XX:GCLogFileSize=3M -XX:-TraceClassUnloading -Xms1303m -Xmx1303m -XX:MetaspaceSize=96M -XX:MaxMetaspaceSize=256m -Djava.net.preferIPv4Stack=true -Djboss.modules.system.pkgs=org.jboss.byteman -Djava.awt.headless=true -Dorg.jboss.boot.log.file=/home/parom/EAP-7.4.0/server/standalone/log/server.log -Dlogging.configuration=file:/home/parom/EAP-7.4.0/server/standalone/configuration/logging.properties 
2023-08-03 09:00:55,564 INFO  [org.wildfly.security] (ServerService Thread Pool -- 22) ELY00001: WildFly Elytron version 1.15.3.Final-redhat-00001
2023-08-03 09:00:55,808 INFO  [org.jboss.as.controller.management-deprecated] (ServerService Thread Pool -- 29) WFLYCTL0033: Extension 'security' is deprecated and may not be supported in future versions
2023-08-03 09:00:56,013 INFO  [org.jboss.as.controller.management-deprecated] (Controller Boot Thread) WFLYCTL0028: Attribute 'security-realm' in the resource at address '/core-service=management/management-interface=http-interface' is deprecated, and may be removed in a future version. See the attribute description in the output of the read-resource-description operation to learn more about the deprecation.
2023-08-03 09:00:56,087 INFO  [org.jboss.as.controller.management-deprecated] (ServerService Thread Pool -- 37) WFLYCTL0028: Attribute 'security-realm' in the resource at address '/subsystem=undertow/server=default-server/https-listener=https' is deprecated, and may be removed in a future version. See the attribute description in the output of the read-resource-description operation to learn more about the deprecation.
2023-08-03 09:00:56,104 INFO  [org.jboss.as.server] (Controller Boot Thread) WFLYSRV0039: Creating http management service using socket-binding (management-http)
2023-08-03 09:00:56,119 INFO  [org.xnio] (MSC service thread 1-5) XNIO version 3.8.4.Final-redhat-00001
2023-08-03 09:00:56,125 INFO  [org.xnio.nio] (MSC service thread 1-5) XNIO NIO Implementation Version 3.8.4.Final-redhat-00001
2023-08-03 09:00:56,180 INFO  [org.jboss.as.connector.subsystems.datasources] (ServerService Thread Pool -- 44) WFLYJCA0004: Deploying JDBC-compliant driver class org.h2.Driver (version 1.4)
2023-08-03 09:00:56,209 INFO  [org.jboss.remoting] (MSC service thread 1-2) JBoss Remoting version 5.0.20.SP1-redhat-00001
2023-08-03 09:00:56,249 INFO  [org.wildfly.extension.health] (ServerService Thread Pool -- 52) WFLYHEALTH0001: Activating Base Health Subsystem
2023-08-03 09:00:56,271 INFO  [org.jboss.as.clustering.infinispan] (ServerService Thread Pool -- 54) WFLYCLINF0001: Activating Infinispan subsystem.
2023-08-03 09:00:56,279 INFO  [org.wildfly.iiop.openjdk] (ServerService Thread Pool -- 53) WFLYIIOP0001: Activating IIOP Subsystem
2023-08-03 09:00:56,294 WARN  [org.wildfly.extension.elytron] (MSC service thread 1-2) WFLYELY00023: KeyStore file '/home/parom/EAP-7.4.0/server/standalone/configuration/application.keystore' does not exist. Used blank.
2023-08-03 09:00:56,311 INFO  [org.jboss.as.jaxrs] (ServerService Thread Pool -- 56) WFLYRS0016: RESTEasy version 3.15.1.Final-redhat-00001
2023-08-03 09:00:56,322 INFO  [org.jboss.as.connector] (MSC service thread 1-5) WFLYJCA0009: Starting Jakarta Connectors Subsystem (WildFly/IronJacamar 1.4.30.Final-redhat-00001)
2023-08-03 09:00:56,328 WARN  [org.wildfly.extension.elytron] (MSC service thread 1-8) WFLYELY01084: KeyStore /home/parom/EAP-7.4.0/server/standalone/configuration/application.keystore not found, it will be auto generated on first use with a self-signed certificate for host localhost
2023-08-03 09:00:56,331 INFO  [org.wildfly.extension.io] (ServerService Thread Pool -- 55) WFLYIO001: Worker 'default' has auto-configured to 8 IO threads with 64 max task threads based on your 4 available processors
2023-08-03 09:00:56,334 INFO  [org.jboss.as.connector.deployers.jdbc] (MSC service thread 1-3) WFLYJCA0018: Started Driver service with driver-name = h2
2023-08-03 09:00:56,361 INFO  [org.jboss.as.jsf] (ServerService Thread Pool -- 61) WFLYJSF0007: Activated the following Jakarta Server Faces Implementations: [main]
2023-08-03 09:00:56,404 INFO  [org.jboss.as.ejb3] (MSC service thread 1-3) WFLYEJB0481: Strict pool slsb-strict-max-pool is using a max instance size of 64 (per class), which is derived from thread worker pool sizing.
2023-08-03 09:00:56,405 INFO  [org.jboss.as.ejb3] (MSC service thread 1-6) WFLYEJB0482: Strict pool mdb-strict-max-pool is using a max instance size of 16 (per class), which is derived from the number of CPUs on this host.
2023-08-03 09:00:56,408 INFO  [org.wildfly.extension.metrics] (ServerService Thread Pool -- 65) WFLYMETRICS0001: Activating Base Metrics Subsystem
2023-08-03 09:00:56,445 INFO  [org.jboss.as.naming] (ServerService Thread Pool -- 66) WFLYNAM0001: Activating Naming Subsystem
2023-08-03 09:00:56,454 INFO  [org.jboss.as.naming] (MSC service thread 1-8) WFLYNAM0003: Starting Naming Service
2023-08-03 09:00:56,457 INFO  [org.jboss.as.security] (ServerService Thread Pool -- 72) WFLYSEC0002: Activating Security Subsystem
2023-08-03 09:00:56,459 INFO  [org.jboss.as.mail.extension] (MSC service thread 1-5) WFLYMAIL0001: Bound mail session [java:jboss/mail/Default]
2023-08-03 09:00:56,461 INFO  [org.jboss.as.security] (MSC service thread 1-5) WFLYSEC0001: Current PicketBox version=5.0.3.Final-redhat-00007
2023-08-03 09:00:56,473 WARN  [org.jboss.as.txn] (ServerService Thread Pool -- 74) WFLYTX0013: The node-identifier attribute on the /subsystem=transactions is set to the default value. This is a danger for environments running multiple servers. Please make sure the attribute value is unique.
2023-08-03 09:00:56,521 INFO  [org.wildfly.extension.undertow] (MSC service thread 1-8) WFLYUT0003: Undertow 2.2.5.Final-redhat-00001 starting
2023-08-03 09:00:56,521 INFO  [org.jboss.as.webservices] (ServerService Thread Pool -- 76) WFLYWS0002: Activating WebServices Extension
2023-08-03 09:00:56,687 INFO  [org.wildfly.extension.undertow] (ServerService Thread Pool -- 75) WFLYUT0014: Creating file handler for path '/home/parom/EAP-7.4.0/server/welcome-content' with options [directory-listing: 'false', follow-symlink: 'false', case-sensitive: 'true', safe-symlink-paths: '[]']
2023-08-03 09:00:56,697 INFO  [org.wildfly.extension.undertow] (MSC service thread 1-7) WFLYUT0012: Started server default-server.
2023-08-03 09:00:56,703 INFO  [org.wildfly.extension.undertow] (MSC service thread 1-6) Queuing requests.
2023-08-03 09:00:56,704 INFO  [org.wildfly.extension.undertow] (MSC service thread 1-6) WFLYUT0018: Host default-host starting
2023-08-03 09:00:56,805 INFO  [org.wildfly.extension.undertow] (MSC service thread 1-7) WFLYUT0006: Undertow HTTP listener default listening on 127.0.0.1:8080
2023-08-03 09:00:56,826 INFO  [org.wildfly.iiop.openjdk] (MSC service thread 1-2) WFLYIIOP0009: CORBA ORB Service started
2023-08-03 09:00:56,878 INFO  [org.jboss.as.ejb3] (MSC service thread 1-7) WFLYEJB0493: Jakarta Enterprise Beans subsystem suspension complete
2023-08-03 09:00:56,957 INFO  [org.jboss.as.connector.subsystems.datasources] (MSC service thread 1-6) WFLYJCA0001: Bound data source [java:jboss/datasources/ExampleDS]
2023-08-03 09:00:57,014 INFO  [org.jboss.as.patching] (MSC service thread 1-6) WFLYPAT0050: JBoss EAP cumulative patch ID is: base, one-off patches include: none
2023-08-03 09:00:57,039 WARN  [org.jboss.as.domain.management.security] (MSC service thread 1-5) WFLYDM0111: Keystore /home/parom/EAP-7.4.0/server/standalone/configuration/application.keystore not found, it will be auto generated on first use with a self signed certificate for host localhost
2023-08-03 09:00:57,081 INFO  [org.jboss.as.server.deployment.scanner] (MSC service thread 1-5) WFLYDS0013: Started FileSystemDeploymentService for directory /home/parom/EAP-7.4.0/server/standalone/deployments
2023-08-03 09:00:57,088 INFO  [org.wildfly.extension.undertow] (MSC service thread 1-2) WFLYUT0006: Undertow HTTPS listener https listening on 127.0.0.1:8443
2023-08-03 09:00:57,253 INFO  [org.jboss.ws.common.management] (MSC service thread 1-1) JBWS022052: Starting JBossWS 5.4.2.Final-redhat-00001 (Apache CXF 3.3.9.redhat-00001) 
2023-08-03 09:00:57,259 INFO  [org.apache.activemq.artemis.core.server] (ServerService Thread Pool -- 78) AMQ221000: live Message Broker is starting with configuration Broker Configuration (clustered=false,journalDirectory=/home/parom/EAP-7.4.0/server/standalone/data/activemq/journal,bindingsDirectory=/home/parom/EAP-7.4.0/server/standalone/data/activemq/bindings,largeMessagesDirectory=/home/parom/EAP-7.4.0/server/standalone/data/activemq/largemessages,pagingDirectory=/home/parom/EAP-7.4.0/server/standalone/data/activemq/paging)
2023-08-03 09:00:57,297 INFO  [org.apache.activemq.artemis.core.server] (ServerService Thread Pool -- 78) AMQ221012: Using AIO Journal
2023-08-03 09:00:57,377 INFO  [org.apache.activemq.artemis.core.server] (ServerService Thread Pool -- 78) AMQ221043: Protocol module found: [artemis-server]. Adding protocol support for: CORE
2023-08-03 09:00:57,377 INFO  [org.apache.activemq.artemis.core.server] (ServerService Thread Pool -- 78) AMQ221043: Protocol module found: [artemis-hornetq-protocol]. Adding protocol support for: HORNETQ
2023-08-03 09:00:57,439 INFO  [org.apache.activemq.artemis.core.server] (ServerService Thread Pool -- 78) AMQ221034: Waiting indefinitely to obtain live lock
2023-08-03 09:00:57,439 INFO  [org.apache.activemq.artemis.core.server] (ServerService Thread Pool -- 78) AMQ221035: Live Server Obtained live lock
2023-08-03 09:00:57,629 INFO  [org.apache.activemq.artemis.core.server] (ServerService Thread Pool -- 78) AMQ221003: Deploying ANYCAST queue jms.queue.ExpiryQueue on address jms.queue.ExpiryQueue
2023-08-03 09:00:57,756 INFO  [org.apache.activemq.artemis.core.server] (ServerService Thread Pool -- 78) AMQ221003: Deploying ANYCAST queue jms.queue.DLQ on address jms.queue.DLQ
2023-08-03 09:00:57,762 INFO  [org.wildfly.extension.messaging-activemq] (MSC service thread 1-2) WFLYMSGAMQ0016: Registered HTTP upgrade for activemq-remoting protocol handled by http-acceptor-throughput acceptor
2023-08-03 09:00:57,763 INFO  [org.wildfly.extension.messaging-activemq] (MSC service thread 1-4) WFLYMSGAMQ0016: Registered HTTP upgrade for activemq-remoting protocol handled by http-acceptor acceptor
2023-08-03 09:00:57,763 INFO  [org.wildfly.extension.messaging-activemq] (MSC service thread 1-1) WFLYMSGAMQ0016: Registered HTTP upgrade for activemq-remoting protocol handled by http-acceptor-throughput acceptor
2023-08-03 09:00:57,762 INFO  [org.wildfly.extension.messaging-activemq] (MSC service thread 1-7) WFLYMSGAMQ0016: Registered HTTP upgrade for activemq-remoting protocol handled by http-acceptor acceptor
2023-08-03 09:00:57,897 INFO  [org.apache.activemq.artemis.core.server] (ServerService Thread Pool -- 78) AMQ221007: Server is now live
2023-08-03 09:00:57,897 INFO  [org.apache.activemq.artemis.core.server] (ServerService Thread Pool -- 78) AMQ221001: Apache ActiveMQ Artemis Message Broker version 2.16.0.redhat-00022 [default, nodeID=1d2547a4-31c3-11ee-b660-0242dbb10f7f] 
2023-08-03 09:00:57,907 INFO  [org.wildfly.extension.messaging-activemq] (ServerService Thread Pool -- 78) WFLYMSGAMQ0002: Bound messaging object to jndi name java:/ConnectionFactory
2023-08-03 09:00:57,925 INFO  [org.wildfly.extension.messaging-activemq] (ServerService Thread Pool -- 81) WFLYMSGAMQ0002: Bound messaging object to jndi name java:jboss/exported/jms/RemoteConnectionFactory
2023-08-03 09:00:57,965 INFO  [org.jboss.as.connector.deployment] (MSC service thread 1-5) WFLYJCA0007: Registered connection factory java:/JmsXA
2023-08-03 09:00:58,020 INFO  [org.apache.activemq.artemis.ra] (MSC service thread 1-5) AMQ151007: Resource adaptor started
2023-08-03 09:00:58,020 INFO  [org.jboss.as.connector.services.resourceadapters.ResourceAdapterActivatorService$ResourceAdapterActivator] (MSC service thread 1-5) IJ020002: Deployed: file://RaActivatoractivemq-ra
2023-08-03 09:00:58,021 INFO  [org.jboss.as.connector.deployment] (MSC service thread 1-8) WFLYJCA0002: Bound Jakarta Connectors ConnectionFactory [java:/JmsXA]
2023-08-03 09:00:58,021 INFO  [org.jboss.as.connector.deployment] (MSC service thread 1-1) WFLYJCA0118: Binding connection factory named java:/JmsXA to alias java:jboss/DefaultJMSConnectionFactory
2023-08-03 09:00:58,128 INFO  [org.jboss.as.server] (Controller Boot Thread) WFLYSRV0212: Resuming server
2023-08-03 09:00:58,129 INFO  [org.jboss.as] (Controller Boot Thread) WFLYSRV0025: JBoss EAP 7.4.0.GA (WildFly Core 15.0.2.Final-redhat-00001) started in 3882ms - Started 357 of 597 services (359 services are lazy, passive or on-demand)
2023-08-03 09:00:58,131 INFO  [org.jboss.as] (Controller Boot Thread) WFLYSRV0060: Http management interface listening on http://127.0.0.1:9990/management
2023-08-03 09:00:58,131 INFO  [org.jboss.as] (Controller Boot Thread) WFLYSRV0051: Admin console listening on http://127.0.0.1:9990
2023-08-03 09:14:43,054 INFO  [org.jboss.as.server] (Thread-2) WFLYSRV0272: Suspending server
2023-08-03 09:14:43,058 INFO  [org.jboss.as.ejb3] (Thread-2) WFLYEJB0493: Jakarta Enterprise Beans subsystem suspension complete
2023-08-03 09:14:43,063 INFO  [org.jboss.as.server] (Thread-2) WFLYSRV0220: Server shutdown has been requested via an OS signal
2023-08-03 09:14:43,103 INFO  [org.jboss.as.connector.deployment] (MSC service thread 1-2) WFLYJCA0119: Unbinding connection factory named java:/JmsXA to alias java:jboss/DefaultJMSConnectionFactory
2023-08-03 09:14:43,108 INFO  [org.wildfly.extension.undertow] (MSC service thread 1-4) WFLYUT0019: Host default-host stopping
2023-08-03 09:14:43,109 INFO  [org.jboss.as.connector.subsystems.datasources] (MSC service thread 1-8) WFLYJCA0010: Unbound data source [java:jboss/datasources/ExampleDS]
2023-08-03 09:14:43,109 INFO  [org.jboss.as.mail.extension] (MSC service thread 1-4) WFLYMAIL0002: Unbound mail session [java:jboss/mail/Default]
2023-08-03 09:14:43,109 INFO  [org.jboss.as.connector.deployment] (MSC service thread 1-8) WFLYJCA0011: Unbound Jakarta Connectors ConnectionFactory [java:/JmsXA]
2023-08-03 09:14:43,111 INFO  [org.wildfly.extension.messaging-activemq] (MSC service thread 1-1) WFLYMSGAMQ0006: Unbound messaging object to jndi name java:jboss/exported/jms/RemoteConnectionFactory
2023-08-03 09:14:43,114 INFO  [org.wildfly.extension.undertow] (MSC service thread 1-5) WFLYUT0008: Undertow HTTPS listener https suspending
2023-08-03 09:14:43,115 INFO  [org.wildfly.extension.undertow] (MSC service thread 1-5) WFLYUT0007: Undertow HTTPS listener https stopped, was bound to 127.0.0.1:8443
2023-08-03 09:14:43,128 INFO  [org.jboss.as.connector.deployers.jdbc] (MSC service thread 1-7) WFLYJCA0019: Stopped Driver service with driver-name = h2
2023-08-03 09:14:43,160 INFO  [org.apache.activemq.artemis.ra] (ServerService Thread Pool -- 87) AMQ151003: resource adaptor stopped
2023-08-03 09:14:43,366 INFO  [org.apache.activemq.artemis.core.server] (ServerService Thread Pool -- 87) AMQ221002: Apache ActiveMQ Artemis Message Broker version 2.16.0.redhat-00022 [1d2547a4-31c3-11ee-b660-0242dbb10f7f] stopped, uptime 13 minutes
2023-08-03 09:14:43,370 INFO  [org.wildfly.extension.undertow] (MSC service thread 1-8) WFLYUT0008: Undertow HTTP listener default suspending
2023-08-03 09:14:43,371 INFO  [org.wildfly.extension.undertow] (MSC service thread 1-8) WFLYUT0007: Undertow HTTP listener default stopped, was bound to 127.0.0.1:8080
2023-08-03 09:14:43,377 INFO  [org.wildfly.extension.undertow] (MSC service thread 1-2) WFLYUT0004: Undertow 2.2.5.Final-redhat-00001 stopping
2023-08-03 09:14:43,402 INFO  [org.jboss.as] (MSC service thread 1-2) WFLYSRV0050: JBoss EAP 7.4.0.GA (WildFly Core 15.0.2.Final-redhat-00001) stopped in 327ms
2023-08-03 09:14:49,204 INFO  [org.jboss.modules] (main) JBoss Modules version 1.11.0.Final-redhat-00001
2023-08-03 09:14:49,564 INFO  [org.jboss.msc] (main) JBoss MSC version 1.4.12.Final-redhat-00001
2023-08-03 09:14:49,573 INFO  [org.jboss.threads] (main) JBoss Threads version 2.4.0.Final-redhat-00001
2023-08-03 09:14:49,690 INFO  [org.jboss.as] (MSC service thread 1-2) WFLYSRV0049: JBoss EAP 7.4.0.GA (WildFly Core 15.0.2.Final-redhat-00001) starting
2023-08-03 09:14:49,692 DEBUG [org.jboss.as.config] (MSC service thread 1-2) Configured system properties:
	[Standalone] = 
	awt.toolkit = sun.awt.X11.XToolkit
	file.encoding = UTF-8
	file.encoding.pkg = sun.io
	file.separator = /
	java.awt.graphicsenv = sun.awt.X11GraphicsEnvironment
	java.awt.headless = true
	java.awt.printerjob = sun.print.PSPrinterJob
	java.class.path = /home/parom/EAP-7.4.0/server/jboss-modules.jar
	java.class.version = 52.0
	java.endorsed.dirs = /usr/lib/jvm/java-8-openjdk-amd64/jre/lib/endorsed
	java.ext.dirs = /usr/lib/jvm/java-8-openjdk-amd64/jre/lib/ext:/usr/java/packages/lib/ext
	java.home = /usr/lib/jvm/java-8-openjdk-amd64/jre
	java.io.tmpdir = /tmp
	java.library.path = /usr/java/packages/lib/amd64:/usr/lib/x86_64-linux-gnu/jni:/lib/x86_64-linux-gnu:/usr/lib/x86_64-linux-gnu:/usr/lib/jni:/lib:/usr/lib
	java.net.preferIPv4Stack = true
	java.runtime.name = OpenJDK Runtime Environment
	java.runtime.version = 1.8.0_382-8u382-ga-1~20.04.1-b05
	java.specification.maintenance.version = 5
	java.specification.name = Java Platform API Specification
	java.specification.vendor = Oracle Corporation
	java.specification.version = 1.8
	java.util.logging.manager = org.jboss.logmanager.LogManager
	java.vendor = Private Build
	java.vendor.url = http://java.oracle.com/
	java.vendor.url.bug = http://bugreport.sun.com/bugreport/
	java.version = 1.8.0_382
	java.vm.info = mixed mode
	java.vm.name = OpenJDK 64-Bit Server VM
	java.vm.specification.name = Java Virtual Machine Specification
	java.vm.specification.vendor = Oracle Corporation
	java.vm.specification.version = 1.8
	java.vm.vendor = Private Build
	java.vm.version = 25.382-b05
	javax.management.builder.initial = org.jboss.as.jmx.PluggableMBeanServerBuilder
	jboss.home.dir = /home/parom/EAP-7.4.0/server
	jboss.host.name = parominskiy
	jboss.modules.dir = /home/parom/EAP-7.4.0/server/modules
	jboss.modules.system.pkgs = org.jboss.byteman
	jboss.node.name = parominskiy
	jboss.qualified.host.name = parominskiy
	jboss.server.base.dir = /home/parom/EAP-7.4.0/server/standalone
	jboss.server.config.dir = /home/parom/EAP-7.4.0/server/standalone/configuration
	jboss.server.data.dir = /home/parom/EAP-7.4.0/server/standalone/data
	jboss.server.deploy.dir = /home/parom/EAP-7.4.0/server/standalone/data/content
	jboss.server.log.dir = /home/parom/EAP-7.4.0/server/standalone/log
	jboss.server.name = parominskiy
	jboss.server.persist.config = true
	jboss.server.temp.dir = /home/parom/EAP-7.4.0/server/standalone/tmp
	line.separator = 

	logging.configuration = file:/home/parom/EAP-7.4.0/server/standalone/configuration/logging.properties
	module.path = /home/parom/EAP-7.4.0/server/modules
	org.jboss.boot.log.file = /home/parom/EAP-7.4.0/server/standalone/log/server.log
	org.jboss.resolver.warning = true
	os.arch = amd64
	os.name = Linux
	os.version = 5.4.0-155-generic
	path.separator = :
	sun.arch.data.model = 64
	sun.boot.class.path = /usr/lib/jvm/java-8-openjdk-amd64/jre/lib/resources.jar:/usr/lib/jvm/java-8-openjdk-amd64/jre/lib/rt.jar:/usr/lib/jvm/java-8-openjdk-amd64/jre/lib/sunrsasign.jar:/usr/lib/jvm/java-8-openjdk-amd64/jre/lib/jsse.jar:/usr/lib/jvm/java-8-openjdk-amd64/jre/lib/jce.jar:/usr/lib/jvm/java-8-openjdk-amd64/jre/lib/charsets.jar:/usr/lib/jvm/java-8-openjdk-amd64/jre/lib/jfr.jar:/usr/lib/jvm/java-8-openjdk-amd64/jre/classes
	sun.boot.library.path = /usr/lib/jvm/java-8-openjdk-amd64/jre/lib/amd64
	sun.cpu.endian = little
	sun.cpu.isalist = 
	sun.desktop = gnome
	sun.io.unicode.encoding = UnicodeLittle
	sun.java.command = /home/parom/EAP-7.4.0/server/jboss-modules.jar -mp /home/parom/EAP-7.4.0/server/modules org.jboss.as.standalone -Djboss.home.dir=/home/parom/EAP-7.4.0/server -Djboss.server.base.dir=/home/parom/EAP-7.4.0/server/standalone -c standalone-full.xml
	sun.java.launcher = SUN_STANDARD
	sun.jnu.encoding = UTF-8
	sun.management.compiler = HotSpot 64-Bit Tiered Compilers
	sun.os.patch.level = unknown
	user.country = RU
	user.dir = /home/parom/EAP-7.4.0/server/bin
	user.home = /home/parom
	user.language = ru
	user.name = parom
	user.timezone = Europe/Minsk
2023-08-03 09:14:49,693 DEBUG [org.jboss.as.config] (MSC service thread 1-2) VM Arguments: -D[Standalone] -verbose:gc -Xloggc:/home/parom/EAP-7.4.0/server/standalone/log/gc.log -XX:+PrintGCDetails -XX:+PrintGCDateStamps -XX:+UseGCLogFileRotation -XX:NumberOfGCLogFiles=5 -XX:GCLogFileSize=3M -XX:-TraceClassUnloading -Xms1303m -Xmx1303m -XX:MetaspaceSize=96M -XX:MaxMetaspaceSize=256m -Djava.net.preferIPv4Stack=true -Djboss.modules.system.pkgs=org.jboss.byteman -Djava.awt.headless=true -Dorg.jboss.boot.log.file=/home/parom/EAP-7.4.0/server/standalone/log/server.log -Dlogging.configuration=file:/home/parom/EAP-7.4.0/server/standalone/configuration/logging.properties 
2023-08-03 09:14:50,349 INFO  [org.wildfly.security] (ServerService Thread Pool -- 24) ELY00001: WildFly Elytron version 1.15.3.Final-redhat-00001
2023-08-03 09:14:50,584 INFO  [org.jboss.as.controller.management-deprecated] (ServerService Thread Pool -- 10) WFLYCTL0033: Extension 'security' is deprecated and may not be supported in future versions
2023-08-03 09:14:50,770 INFO  [org.jboss.as.controller.management-deprecated] (Controller Boot Thread) WFLYCTL0028: Attribute 'security-realm' in the resource at address '/core-service=management/management-interface=http-interface' is deprecated, and may be removed in a future version. See the attribute description in the output of the read-resource-description operation to learn more about the deprecation.
2023-08-03 09:14:50,859 INFO  [org.jboss.as.controller.management-deprecated] (ServerService Thread Pool -- 37) WFLYCTL0028: Attribute 'security-realm' in the resource at address '/subsystem=undertow/server=default-server/https-listener=https' is deprecated, and may be removed in a future version. See the attribute description in the output of the read-resource-description operation to learn more about the deprecation.
2023-08-03 09:14:50,875 INFO  [org.jboss.as.server] (Controller Boot Thread) WFLYSRV0039: Creating http management service using socket-binding (management-http)
2023-08-03 09:14:50,893 INFO  [org.xnio] (MSC service thread 1-1) XNIO version 3.8.4.Final-redhat-00001
2023-08-03 09:14:50,905 INFO  [org.xnio.nio] (MSC service thread 1-1) XNIO NIO Implementation Version 3.8.4.Final-redhat-00001
2023-08-03 09:14:50,973 INFO  [org.jboss.remoting] (MSC service thread 1-1) JBoss Remoting version 5.0.20.SP1-redhat-00001
2023-08-03 09:14:50,984 INFO  [org.jboss.as.connector.subsystems.datasources] (ServerService Thread Pool -- 44) WFLYJCA0004: Deploying JDBC-compliant driver class org.h2.Driver (version 1.4)
2023-08-03 09:14:51,016 INFO  [org.wildfly.iiop.openjdk] (ServerService Thread Pool -- 53) WFLYIIOP0001: Activating IIOP Subsystem
2023-08-03 09:14:51,024 INFO  [org.wildfly.extension.health] (ServerService Thread Pool -- 52) WFLYHEALTH0001: Activating Base Health Subsystem
2023-08-03 09:14:51,028 INFO  [org.jboss.as.clustering.infinispan] (ServerService Thread Pool -- 54) WFLYCLINF0001: Activating Infinispan subsystem.
2023-08-03 09:14:51,031 INFO  [org.jboss.as.jaxrs] (ServerService Thread Pool -- 56) WFLYRS0016: RESTEasy version 3.15.1.Final-redhat-00001
2023-08-03 09:14:51,054 INFO  [org.jboss.as.connector] (MSC service thread 1-8) WFLYJCA0009: Starting Jakarta Connectors Subsystem (WildFly/IronJacamar 1.4.30.Final-redhat-00001)
2023-08-03 09:14:51,056 INFO  [org.wildfly.extension.io] (ServerService Thread Pool -- 55) WFLYIO001: Worker 'default' has auto-configured to 8 IO threads with 64 max task threads based on your 4 available processors
2023-08-03 09:14:51,071 INFO  [org.jboss.as.jsf] (ServerService Thread Pool -- 61) WFLYJSF0007: Activated the following Jakarta Server Faces Implementations: [main]
2023-08-03 09:14:51,083 INFO  [org.jboss.as.connector.deployers.jdbc] (MSC service thread 1-2) WFLYJCA0018: Started Driver service with driver-name = h2
2023-08-03 09:14:51,125 INFO  [org.jboss.as.naming] (ServerService Thread Pool -- 66) WFLYNAM0001: Activating Naming Subsystem
2023-08-03 09:14:51,134 INFO  [org.wildfly.extension.metrics] (ServerService Thread Pool -- 65) WFLYMETRICS0001: Activating Base Metrics Subsystem
2023-08-03 09:14:51,165 WARN  [org.jboss.as.txn] (ServerService Thread Pool -- 74) WFLYTX0013: The node-identifier attribute on the /subsystem=transactions is set to the default value. This is a danger for environments running multiple servers. Please make sure the attribute value is unique.
2023-08-03 09:14:51,180 INFO  [org.jboss.as.ejb3] (MSC service thread 1-8) WFLYEJB0481: Strict pool slsb-strict-max-pool is using a max instance size of 64 (per class), which is derived from thread worker pool sizing.
2023-08-03 09:14:51,180 INFO  [org.jboss.as.ejb3] (MSC service thread 1-1) WFLYEJB0482: Strict pool mdb-strict-max-pool is using a max instance size of 16 (per class), which is derived from the number of CPUs on this host.
2023-08-03 09:14:51,184 INFO  [org.jboss.as.security] (ServerService Thread Pool -- 72) WFLYSEC0002: Activating Security Subsystem
2023-08-03 09:14:51,189 INFO  [org.jboss.as.mail.extension] (MSC service thread 1-8) WFLYMAIL0001: Bound mail session [java:jboss/mail/Default]
2023-08-03 09:14:51,194 INFO  [org.jboss.as.naming] (MSC service thread 1-4) WFLYNAM0003: Starting Naming Service
2023-08-03 09:14:51,207 INFO  [org.jboss.as.security] (MSC service thread 1-1) WFLYSEC0001: Current PicketBox version=5.0.3.Final-redhat-00007
2023-08-03 09:14:51,222 WARN  [org.wildfly.extension.elytron] (MSC service thread 1-4) WFLYELY00023: KeyStore file '/home/parom/EAP-7.4.0/server/standalone/configuration/application.keystore' does not exist. Used blank.
2023-08-03 09:14:51,229 WARN  [org.wildfly.extension.elytron] (MSC service thread 1-3) WFLYELY01084: KeyStore /home/parom/EAP-7.4.0/server/standalone/configuration/application.keystore not found, it will be auto generated on first use with a self-signed certificate for host localhost
2023-08-03 09:14:51,234 INFO  [org.jboss.as.webservices] (ServerService Thread Pool -- 76) WFLYWS0002: Activating WebServices Extension
2023-08-03 09:14:51,236 INFO  [org.wildfly.extension.undertow] (MSC service thread 1-3) WFLYUT0003: Undertow 2.2.5.Final-redhat-00001 starting
2023-08-03 09:14:51,367 INFO  [org.wildfly.extension.undertow] (ServerService Thread Pool -- 75) WFLYUT0014: Creating file handler for path '/home/parom/EAP-7.4.0/server/welcome-content' with options [directory-listing: 'false', follow-symlink: 'false', case-sensitive: 'true', safe-symlink-paths: '[]']
2023-08-03 09:14:51,401 INFO  [org.wildfly.extension.undertow] (MSC service thread 1-2) WFLYUT0012: Started server default-server.
2023-08-03 09:14:51,405 INFO  [org.wildfly.extension.undertow] (MSC service thread 1-2) Queuing requests.
2023-08-03 09:14:51,409 INFO  [org.wildfly.extension.undertow] (MSC service thread 1-2) WFLYUT0018: Host default-host starting
2023-08-03 09:14:51,542 INFO  [org.wildfly.extension.undertow] (MSC service thread 1-8) WFLYUT0006: Undertow HTTP listener default listening on 127.0.0.1:8080
2023-08-03 09:14:51,638 INFO  [org.wildfly.iiop.openjdk] (MSC service thread 1-6) WFLYIIOP0009: CORBA ORB Service started
2023-08-03 09:14:51,740 INFO  [org.jboss.as.ejb3] (MSC service thread 1-5) WFLYEJB0493: Jakarta Enterprise Beans subsystem suspension complete
2023-08-03 09:14:51,805 INFO  [org.jboss.as.connector.subsystems.datasources] (MSC service thread 1-8) WFLYJCA0001: Bound data source [java:jboss/datasources/ExampleDS]
2023-08-03 09:14:51,822 INFO  [org.jboss.as.patching] (MSC service thread 1-5) WFLYPAT0050: JBoss EAP cumulative patch ID is: base, one-off patches include: none
2023-08-03 09:14:51,856 WARN  [org.jboss.as.domain.management.security] (MSC service thread 1-1) WFLYDM0111: Keystore /home/parom/EAP-7.4.0/server/standalone/configuration/application.keystore not found, it will be auto generated on first use with a self signed certificate for host localhost
2023-08-03 09:14:51,888 INFO  [org.jboss.as.server.deployment.scanner] (MSC service thread 1-6) WFLYDS0013: Started FileSystemDeploymentService for directory /home/parom/EAP-7.4.0/server/standalone/deployments
2023-08-03 09:14:51,913 INFO  [org.wildfly.extension.undertow] (MSC service thread 1-5) WFLYUT0006: Undertow HTTPS listener https listening on 127.0.0.1:8443
2023-08-03 09:14:51,919 INFO  [org.apache.activemq.artemis.core.server] (ServerService Thread Pool -- 78) AMQ221000: live Message Broker is starting with configuration Broker Configuration (clustered=false,journalDirectory=/home/parom/EAP-7.4.0/server/standalone/data/activemq/journal,bindingsDirectory=/home/parom/EAP-7.4.0/server/standalone/data/activemq/bindings,largeMessagesDirectory=/home/parom/EAP-7.4.0/server/standalone/data/activemq/largemessages,pagingDirectory=/home/parom/EAP-7.4.0/server/standalone/data/activemq/paging)
2023-08-03 09:14:51,959 INFO  [org.apache.activemq.artemis.core.server] (ServerService Thread Pool -- 78) AMQ221012: Using AIO Journal
2023-08-03 09:14:51,980 INFO  [org.jboss.ws.common.management] (MSC service thread 1-1) JBWS022052: Starting JBossWS 5.4.2.Final-redhat-00001 (Apache CXF 3.3.9.redhat-00001) 
2023-08-03 09:14:52,039 INFO  [org.apache.activemq.artemis.core.server] (ServerService Thread Pool -- 78) AMQ221043: Protocol module found: [artemis-server]. Adding protocol support for: CORE
2023-08-03 09:14:52,040 INFO  [org.apache.activemq.artemis.core.server] (ServerService Thread Pool -- 78) AMQ221043: Protocol module found: [artemis-hornetq-protocol]. Adding protocol support for: HORNETQ
2023-08-03 09:14:52,105 INFO  [org.apache.activemq.artemis.core.server] (ServerService Thread Pool -- 78) AMQ221034: Waiting indefinitely to obtain live lock
2023-08-03 09:14:52,106 INFO  [org.apache.activemq.artemis.core.server] (ServerService Thread Pool -- 78) AMQ221035: Live Server Obtained live lock
2023-08-03 09:14:52,325 INFO  [org.apache.activemq.artemis.core.server] (ServerService Thread Pool -- 78) AMQ221003: Deploying ANYCAST queue jms.queue.ExpiryQueue on address jms.queue.ExpiryQueue
2023-08-03 09:14:52,333 INFO  [org.apache.activemq.artemis.core.server] (ServerService Thread Pool -- 78) AMQ221003: Deploying ANYCAST queue jms.queue.DLQ on address jms.queue.DLQ
2023-08-03 09:14:52,348 INFO  [org.wildfly.extension.messaging-activemq] (MSC service thread 1-1) WFLYMSGAMQ0016: Registered HTTP upgrade for activemq-remoting protocol handled by http-acceptor-throughput acceptor
2023-08-03 09:14:52,349 INFO  [org.wildfly.extension.messaging-activemq] (MSC service thread 1-6) WFLYMSGAMQ0016: Registered HTTP upgrade for activemq-remoting protocol handled by http-acceptor acceptor
2023-08-03 09:14:52,350 INFO  [org.wildfly.extension.messaging-activemq] (MSC service thread 1-4) WFLYMSGAMQ0016: Registered HTTP upgrade for activemq-remoting protocol handled by http-acceptor acceptor
2023-08-03 09:14:52,352 INFO  [org.wildfly.extension.messaging-activemq] (MSC service thread 1-8) WFLYMSGAMQ0016: Registered HTTP upgrade for activemq-remoting protocol handled by http-acceptor-throughput acceptor
2023-08-03 09:14:52,490 INFO  [org.apache.activemq.artemis.core.server] (ServerService Thread Pool -- 78) AMQ221007: Server is now live
2023-08-03 09:14:52,491 INFO  [org.apache.activemq.artemis.core.server] (ServerService Thread Pool -- 78) AMQ221001: Apache ActiveMQ Artemis Message Broker version 2.16.0.redhat-00022 [default, nodeID=1d2547a4-31c3-11ee-b660-0242dbb10f7f] 
2023-08-03 09:14:52,533 INFO  [org.wildfly.extension.messaging-activemq] (ServerService Thread Pool -- 80) WFLYMSGAMQ0002: Bound messaging object to jndi name java:jboss/exported/jms/RemoteConnectionFactory
2023-08-03 09:14:52,535 INFO  [org.wildfly.extension.messaging-activemq] (ServerService Thread Pool -- 81) WFLYMSGAMQ0002: Bound messaging object to jndi name java:/ConnectionFactory
2023-08-03 09:14:52,567 INFO  [org.jboss.as.connector.deployment] (MSC service thread 1-1) WFLYJCA0007: Registered connection factory java:/JmsXA
2023-08-03 09:14:52,612 INFO  [org.apache.activemq.artemis.ra] (MSC service thread 1-1) AMQ151007: Resource adaptor started
2023-08-03 09:14:52,612 INFO  [org.jboss.as.connector.services.resourceadapters.ResourceAdapterActivatorService$ResourceAdapterActivator] (MSC service thread 1-1) IJ020002: Deployed: file://RaActivatoractivemq-ra
2023-08-03 09:14:52,613 INFO  [org.jboss.as.connector.deployment] (MSC service thread 1-6) WFLYJCA0118: Binding connection factory named java:/JmsXA to alias java:jboss/DefaultJMSConnectionFactory
2023-08-03 09:14:52,613 INFO  [org.jboss.as.connector.deployment] (MSC service thread 1-7) WFLYJCA0002: Bound Jakarta Connectors ConnectionFactory [java:/JmsXA]
2023-08-03 09:14:52,723 INFO  [org.jboss.as.server] (Controller Boot Thread) WFLYSRV0212: Resuming server
2023-08-03 09:14:52,725 INFO  [org.jboss.as] (Controller Boot Thread) WFLYSRV0025: JBoss EAP 7.4.0.GA (WildFly Core 15.0.2.Final-redhat-00001) started in 3816ms - Started 357 of 597 services (359 services are lazy, passive or on-demand)
2023-08-03 09:14:52,727 INFO  [org.jboss.as] (Controller Boot Thread) WFLYSRV0060: Http management interface listening on http://127.0.0.1:9990/management
2023-08-03 09:14:52,727 INFO  [org.jboss.as] (Controller Boot Thread) WFLYSRV0051: Admin console listening on http://127.0.0.1:9990
2023-08-03 09:23:40,761 INFO  [org.jboss.as.server] (Thread-2) WFLYSRV0272: Suspending server
2023-08-03 09:23:40,765 INFO  [org.jboss.as.ejb3] (Thread-2) WFLYEJB0493: Jakarta Enterprise Beans subsystem suspension complete
2023-08-03 09:23:40,774 INFO  [org.jboss.as.server] (Thread-2) WFLYSRV0220: Server shutdown has been requested via an OS signal
2023-08-03 09:23:40,806 INFO  [org.jboss.as.connector.subsystems.datasources] (MSC service thread 1-4) WFLYJCA0010: Unbound data source [java:jboss/datasources/ExampleDS]
2023-08-03 09:23:40,806 INFO  [org.jboss.as.connector.deployment] (MSC service thread 1-7) WFLYJCA0119: Unbinding connection factory named java:/JmsXA to alias java:jboss/DefaultJMSConnectionFactory
2023-08-03 09:23:40,809 INFO  [org.jboss.as.mail.extension] (MSC service thread 1-6) WFLYMAIL0002: Unbound mail session [java:jboss/mail/Default]
2023-08-03 09:23:40,809 INFO  [org.wildfly.extension.undertow] (MSC service thread 1-4) WFLYUT0019: Host default-host stopping
2023-08-03 09:23:40,809 INFO  [org.jboss.as.connector.deployment] (MSC service thread 1-6) WFLYJCA0011: Unbound Jakarta Connectors ConnectionFactory [java:/JmsXA]
2023-08-03 09:23:40,810 INFO  [org.wildfly.extension.messaging-activemq] (MSC service thread 1-4) WFLYMSGAMQ0006: Unbound messaging object to jndi name java:jboss/exported/jms/RemoteConnectionFactory
2023-08-03 09:23:40,810 INFO  [org.wildfly.extension.undertow] (MSC service thread 1-6) WFLYUT0008: Undertow HTTPS listener https suspending
2023-08-03 09:23:40,811 INFO  [org.wildfly.extension.undertow] (MSC service thread 1-6) WFLYUT0007: Undertow HTTPS listener https stopped, was bound to 127.0.0.1:8443
2023-08-03 09:23:40,824 INFO  [org.jboss.as.connector.deployers.jdbc] (MSC service thread 1-7) WFLYJCA0019: Stopped Driver service with driver-name = h2
2023-08-03 09:23:40,851 INFO  [org.apache.activemq.artemis.ra] (ServerService Thread Pool -- 88) AMQ151003: resource adaptor stopped
2023-08-03 09:23:41,036 INFO  [org.apache.activemq.artemis.core.server] (ServerService Thread Pool -- 86) AMQ221002: Apache ActiveMQ Artemis Message Broker version 2.16.0.redhat-00022 [1d2547a4-31c3-11ee-b660-0242dbb10f7f] stopped, uptime 8 minutes
2023-08-03 09:23:41,040 INFO  [org.wildfly.extension.undertow] (MSC service thread 1-2) WFLYUT0008: Undertow HTTP listener default suspending
2023-08-03 09:23:41,040 INFO  [org.wildfly.extension.undertow] (MSC service thread 1-2) WFLYUT0007: Undertow HTTP listener default stopped, was bound to 127.0.0.1:8080
2023-08-03 09:23:41,040 INFO  [org.wildfly.extension.undertow] (MSC service thread 1-5) WFLYUT0004: Undertow 2.2.5.Final-redhat-00001 stopping
2023-08-03 09:23:41,045 INFO  [org.jboss.as] (MSC service thread 1-8) WFLYSRV0050: JBoss EAP 7.4.0.GA (WildFly Core 15.0.2.Final-redhat-00001) stopped in 260ms
